2026-07-07 19:42:20  INFO        ETL RUN STARTED  2026-07-07 19:42
2026-07-07 19:42:21  INFO      Schemes to fetch: 40
2026-07-07 19:42:25  WARNING   [100016] Empty data list
2026-07-07 19:42:25  ERROR     [100016] Fetch failed — skipping
2026-07-07 19:42:26  WARNING   [100025] Empty data list
2026-07-07 19:42:26  ERROR     [100025] Fetch failed — skipping
2026-07-07 19:42:47  WARNING   [101207] Error (attempt 1/3): HTTPSConnectionPool(host='api.mfapi.in', port=443): Read timed out. (read timeout=15)
2026-07-07 19:42:56  WARNING   [102886] Empty data list
2026-07-07 19:42:56  ERROR     [102886] Fetch failed — skipping
2026-07-07 19:42:57  WARNING   [102887] Empty data list
2026-07-07 19:42:57  ERROR     [102887] Fetch failed — skipping
2026-07-07 19:43:07  WARNING   [118635] Empty data list
2026-07-07 19:43:07  ERROR     [118635] Fetch failed — skipping
2026-07-07 19:44:07  WARNING   [125498] Error (attempt 1/3): HTTPSConnectionPool(host='api.mfapi.in', port=443): Read timed out. (read timeout=15)
2026-07-07 19:44:14  WARNING   [148568] Empty data list
2026-07-07 19:44:14  ERROR     [148568] Fetch failed — skipping
2026-07-07 19:44:37  WARNING   [149322] Error (attempt 1/3): HTTPSConnectionPool(host='api.mfapi.in', port=443): Read timed out. (read timeout=15)
2026-07-07 19:44:57  INFO        Inserted: 34  |  Skipped: 0  |  Failed: 6
2026-07-07 19:44:57  INFO        ETL RUN COMPLETE
2026-07-07 19:50:26  INFO      =======================================================
2026-07-07 19:50:26  INFO        ETL RUN STARTED  2026-07-07 19:50
2026-07-07 19:50:26  INFO      =======================================================
2026-07-07 19:50:26  INFO      Schemes to fetch: 40
2026-07-07 19:50:27  WARNING   [100016] Empty data list
2026-07-07 19:50:27  ERROR     [100016] Fetch failed - skipping
2026-07-07 19:50:27  WARNING   [100025] Empty data list
2026-07-07 19:50:27  ERROR     [100025] Fetch failed - skipping
2026-07-07 19:50:31  WARNING   [102886] Empty data list
2026-07-07 19:50:31  ERROR     [102886] Fetch failed - skipping
2026-07-07 19:50:32  WARNING   [102887] Empty data list
2026-07-07 19:50:32  ERROR     [102887] Fetch failed - skipping
2026-07-07 19:50:49  WARNING   [118635] Error (attempt 1/3): HTTPSConnectionPool(host='api.mfapi.in', port=443): Read timed out. (read timeout=15)
2026-07-07 19:50:52  WARNING   [118635] Empty data list
2026-07-07 19:50:52  ERROR     [118635] Fetch failed - skipping
2026-07-07 19:51:15  WARNING   [120503] Error (attempt 1/3): HTTPSConnectionPool(host='api.mfapi.in', port=443): Read timed out. (read timeout=15)
2026-07-07 19:51:37  WARNING   [148568] Empty data list
2026-07-07 19:51:37  ERROR     [148568] Fetch failed - skipping
2026-07-07 19:51:40  INFO      -------------------------------------------------------
2026-07-07 19:51:40  INFO        Inserted: 0  |  Skipped: 34  |  Failed: 6
2026-07-07 19:51:40  INFO        ETL RUN COMPLETE
2026-07-07 19:51:40  INFO      -------------------------------------------------------
2026-07-07 19:55:06  INFO      Scheduler started - will run ETL at 20:00 on weekdays
